c:\dev\cpp\game_studies\shmupgame\bin\intermediates\win32\debug\vc143.pdb
c:\dev\cpp\game_studies\shmupgame\bin\intermediates\win32\debug\vc143.idb
c:\dev\cpp\game_studies\shmupgame\bin\intermediates\win32\debug\src\main.obj
c:\dev\cpp\game_studies\shmupgame\bin\intermediates\win32\debug\src\converter.obj
c:\dev\cpp\game_studies\shmupgame\bin\intermediates\win32\debug\src\spaceship.obj
c:\dev\cpp\game_studies\shmupgame\bin\intermediates\win32\debug\src\weapon.obj
c:\dev\cpp\game_studies\shmupgame\bin\intermediates\win32\debug\src\bullet.obj
c:\dev\cpp\game_studies\shmupgame\bin\intermediates\win32\debug\src\globals.obj
c:\dev\cpp\game_studies\shmupgame\bin\win32\debug\shmupgame.exe
c:\dev\cpp\game_studies\shmupgame\bin\intermediates\win32\debug\shmupgame.ilk
c:\dev\cpp\game_studies\shmupgame\bin\win32\debug\shmupgame.pdb
c:\dev\cpp\game_studies\shmupgame\bin\intermediates\win32\debug\main.obj
c:\dev\cpp\game_studies\shmupgame\\bin\win32\debug\shmupgame.pdb
c:\dev\cpp\game_studies\shmupgame\\bin\intermediates\win32\debug\shmupgame.vcxproj.filelistabsolute.txt
c:\dev\cpp\game_studies\shmupgame\bin\intermediates\win32\debug\shmupgame.tlog\cl.command.1.tlog
c:\dev\cpp\game_studies\shmupgame\bin\intermediates\win32\debug\shmupgame.tlog\cl.read.1.tlog
c:\dev\cpp\game_studies\shmupgame\bin\intermediates\win32\debug\shmupgame.tlog\cl.write.1.tlog
c:\dev\cpp\game_studies\shmupgame\bin\intermediates\win32\debug\shmupgame.tlog\link.command.1.tlog
c:\dev\cpp\game_studies\shmupgame\bin\intermediates\win32\debug\shmupgame.tlog\link.read.1.tlog
c:\dev\cpp\game_studies\shmupgame\bin\intermediates\win32\debug\shmupgame.tlog\link.write.1.tlog
